Determining if the include file arm_acle.h exists failed with the following output:
Change Dir: /home/nick/soft/adaptive_sampling_scripts/rust_scripts/get_groups/target/release/build/libz-sys-702be3ea2352c995/out/build/CMakeFiles/CMakeTmp

Run Build Command(s):/usr/bin/make cmTC_fab6d/fast && /usr/bin/make -f CMakeFiles/cmTC_fab6d.dir/build.make CMakeFiles/cmTC_fab6d.dir/build
make[1]: Entering directory '/home/nick/soft/adaptive_sampling_scripts/rust_scripts/get_groups/target/release/build/libz-sys-702be3ea2352c995/out/build/CMakeFiles/CMakeTmp'
Building C object CMakeFiles/cmTC_fab6d.dir/CheckIncludeFile.c.o
/usr/bin/cc   -ffunction-sections -fdata-sections -fPIC -m64    -std=c11 -o CMakeFiles/cmTC_fab6d.dir/CheckIncludeFile.c.o   -c /home/nick/soft/adaptive_sampling_scripts/rust_scripts/get_groups/target/release/build/libz-sys-702be3ea2352c995/out/build/CMakeFiles/CMakeTmp/CheckIncludeFile.c
/home/nick/soft/adaptive_sampling_scripts/rust_scripts/get_groups/target/release/build/libz-sys-702be3ea2352c995/out/build/CMakeFiles/CMakeTmp/CheckIncludeFile.c:1:10: fatal error: arm_acle.h: No such file or directory
    1 | #include <arm_acle.h>
      |          ^~~~~~~~~~~~
compilation terminated.
make[1]: *** [CMakeFiles/cmTC_fab6d.dir/build.make:66: CMakeFiles/cmTC_fab6d.dir/CheckIncludeFile.c.o] Error 1
make[1]: Leaving directory '/home/nick/soft/adaptive_sampling_scripts/rust_scripts/get_groups/target/release/build/libz-sys-702be3ea2352c995/out/build/CMakeFiles/CMakeTmp'
make: *** [Makefile:121: cmTC_fab6d/fast] Error 2



Determining if the include file sys/sdt.h exists failed with the following output:
Change Dir: /home/nick/soft/adaptive_sampling_scripts/rust_scripts/get_groups/target/release/build/libz-sys-702be3ea2352c995/out/build/CMakeFiles/CMakeTmp

Run Build Command(s):/usr/bin/make cmTC_02ca1/fast && /usr/bin/make -f CMakeFiles/cmTC_02ca1.dir/build.make CMakeFiles/cmTC_02ca1.dir/build
make[1]: Entering directory '/home/nick/soft/adaptive_sampling_scripts/rust_scripts/get_groups/target/release/build/libz-sys-702be3ea2352c995/out/build/CMakeFiles/CMakeTmp'
Building C object CMakeFiles/cmTC_02ca1.dir/CheckIncludeFile.c.o
/usr/bin/cc   -ffunction-sections -fdata-sections -fPIC -m64    -std=c11 -o CMakeFiles/cmTC_02ca1.dir/CheckIncludeFile.c.o   -c /home/nick/soft/adaptive_sampling_scripts/rust_scripts/get_groups/target/release/build/libz-sys-702be3ea2352c995/out/build/CMakeFiles/CMakeTmp/CheckIncludeFile.c
/home/nick/soft/adaptive_sampling_scripts/rust_scripts/get_groups/target/release/build/libz-sys-702be3ea2352c995/out/build/CMakeFiles/CMakeTmp/CheckIncludeFile.c:1:10: fatal error: sys/sdt.h: No such file or directory
    1 | #include <sys/sdt.h>
      |          ^~~~~~~~~~~
compilation terminated.
make[1]: *** [CMakeFiles/cmTC_02ca1.dir/build.make:66: CMakeFiles/cmTC_02ca1.dir/CheckIncludeFile.c.o] Error 1
make[1]: Leaving directory '/home/nick/soft/adaptive_sampling_scripts/rust_scripts/get_groups/target/release/build/libz-sys-702be3ea2352c995/out/build/CMakeFiles/CMakeTmp'
make: *** [Makefile:121: cmTC_02ca1/fast] Error 2



Performing C SOURCE FILE Test HAVE_XSAVE_INTRIN failed with the following output:
Change Dir: /home/nick/soft/adaptive_sampling_scripts/rust_scripts/get_groups/target/release/build/libz-sys-702be3ea2352c995/out/build/CMakeFiles/CMakeTmp

Run Build Command(s):/usr/bin/make cmTC_a4358/fast && /usr/bin/make -f CMakeFiles/cmTC_a4358.dir/build.make CMakeFiles/cmTC_a4358.dir/build
make[1]: Entering directory '/home/nick/soft/adaptive_sampling_scripts/rust_scripts/get_groups/target/release/build/libz-sys-702be3ea2352c995/out/build/CMakeFiles/CMakeTmp'
Building C object CMakeFiles/cmTC_a4358.dir/src.c.o
/usr/bin/cc   -ffunction-sections -fdata-sections -fPIC -m64 -DHAVE_XSAVE_INTRIN -mxsave  -fno-lto   -std=c11 -o CMakeFiles/cmTC_a4358.dir/src.c.o   -c /home/nick/soft/adaptive_sampling_scripts/rust_scripts/get_groups/target/release/build/libz-sys-702be3ea2352c995/out/build/CMakeFiles/CMakeTmp/src.c
/home/nick/soft/adaptive_sampling_scripts/rust_scripts/get_groups/target/release/build/libz-sys-702be3ea2352c995/out/build/CMakeFiles/CMakeTmp/src.c:4:20: fatal error: x86gprintrin.h: No such file or directory
    4 |         #  include <x86gprintrin.h>
      |                    ^~~~~~~~~~~~~~~~
compilation terminated.
make[1]: *** [CMakeFiles/cmTC_a4358.dir/build.make:66: CMakeFiles/cmTC_a4358.dir/src.c.o] Error 1
make[1]: Leaving directory '/home/nick/soft/adaptive_sampling_scripts/rust_scripts/get_groups/target/release/build/libz-sys-702be3ea2352c995/out/build/CMakeFiles/CMakeTmp'
make: *** [Makefile:121: cmTC_a4358/fast] Error 2


Source file was:
#ifdef _MSC_VER
        #  include <intrin.h>
        #else
        #  include <x86gprintrin.h>
        #endif
        unsigned int f(unsigned int a) { return (int) _xgetbv(a); }
        int main(void) { return 0; }
